<?xml version="1.0" encoding="UTF-8"?>
<!-- Generated by org.testng.reporters.JUnitXMLReporter -->
<testsuite ignored="13" hostname="siddheshalhat" failures="0" tests="1" name="Default test" time="86.579" errors="0" timestamp="2026-02-18T19:43:33 IST">
  <testcase classname="testcases.MyntraKidsModule" name="verifyclickOnBoysFilterNdclickOnOnly5Product" time="86.156"/>
  <testcase classname="testcases.MyntraKidsModule" name="SubcatageriesOfKidsmenu" time="0.0">
    <ignored/>
  </testcase> <!-- SubcatageriesOfKidsmenu -->
  <testcase classname="testcases.MyntraKidsModule" name="verifyKidsMenuNdSubcatclickOnFootWear" time="0.0">
    <ignored/>
  </testcase> <!-- verifyKidsMenuNdSubcatclickOnFootWear -->
  <testcase classname="testcases.MyntraKidsModule" name="verifyNegativeTestCaseOnEnterNumber" time="0.0">
    <ignored/>
  </testcase> <!-- verifyNegativeTestCaseOnEnterNumber -->
  <testcase classname="testcases.MyntraKidsModule" name="captureScreenshot" time="0.0">
    <ignored/>
  </testcase> <!-- captureScreenshot -->
  <testcase classname="testcases.MyntraKidsModule" name="verifyclickOnBoysFilter" time="0.0">
    <ignored/>
  </testcase> <!-- verifyclickOnBoysFilter -->
  <testcase classname="testcases.MyntraKidsModule" name="verifyKidsFootWeartotalcount" time="0.0">
    <ignored/>
  </testcase> <!-- verifyKidsFootWeartotalcount -->
  <testcase classname="testcases.MyntraKidsModule" name="verifyLoginNumber" time="0.0">
    <ignored/>
  </testcase> <!-- verifyLoginNumber -->
  <testcase classname="testcases.MyntraKidsModule" name="verifyElementAddInWushList" time="0.0">
    <ignored/>
  </testcase> <!-- verifyElementAddInWushList -->
  <testcase classname="testcases.MyntraKidsModule" name="verifyclickOnBoysFilterNdclickOnOnly5ProductAndWindowHandle" time="0.0">
    <ignored/>
  </testcase> <!-- verifyclickOnBoysFilterNdclickOnOnly5ProductAndWindowHandle -->
  <testcase classname="testcases.MyntraKidsModule" name="verifyclickOnBoysFilter2" time="0.0">
    <ignored/>
  </testcase> <!-- verifyclickOnBoysFilter2 -->
  <testcase classname="testcases.MyntraKidsModule" name="verifyDropdownList" time="0.0">
    <ignored/>
  </testcase> <!-- verifyDropdownList -->
  <testcase classname="testcases.MyntraKidsModule" name="verifyKidsMenuAvailable" time="0.0">
    <ignored/>
  </testcase> <!-- verifyKidsMenuAvailable -->
  <testcase classname="testcases.MyntraKidsModule" name="searchBarText" time="0.0">
    <ignored/>
  </testcase> <!-- searchBarText -->
</testsuite> <!-- Default test -->
