<?xml version="1.0" encoding="UTF-8"?>
<!-- Generated by org.testng.reporters.JUnitXMLReporter -->
<testsuite ignored="11" hostname="DESKTOP-MUP9M38" failures="1" tests="1" name="Test" time="23.882" errors="0" timestamp="2026-02-06T13:16:59 IST">
  <testcase classname="testcases.MyntraKidsModule" name="verifyNegativeTestCaseOnEnterNumber" time="23.36">
    <failure type="java.lang.AssertionError" message="unsuccessful expected [Please enter a valid mobile number ( digits)] but found [Please enter a valid mobile number (10 digits)]">
      <![CDATA[java.lang.AssertionError: unsuccessful expected [Please enter a valid mobile number ( digits)] but found [Please enter a valid mobile number (10 digits)]
at testcases.MyntraKidsModule.verifyNegativeTestCaseOnEnterNumber(MyntraKidsModule.java:376)
at java.base/java.util.ArrayList.forEach(ArrayList.java:1596)
... Removed 30 stack frames]]>
    </failure>
  </testcase> <!-- verifyNegativeTestCaseOnEnterNumber -->
  <testcase classname="testcases.MyntraKidsModule" name="verifyKidsFootWeartotalcount" time="0.0">
    <ignored/>
  </testcase> <!-- verifyKidsFootWeartotalcount -->
  <testcase classname="testcases.MyntraKidsModule" name="verifyclickOnBoysFilter2" time="0.0">
    <ignored/>
  </testcase> <!-- verifyclickOnBoysFilter2 -->
  <testcase classname="testcases.MyntraKidsModule" name="verifyclickOnBoysFilter" time="0.0">
    <ignored/>
  </testcase> <!-- verifyclickOnBoysFilter -->
  <testcase classname="testcases.MyntraKidsModule" name="verifyKidsMenuAvailable" time="0.0">
    <ignored/>
  </testcase> <!-- verifyKidsMenuAvailable -->
  <testcase classname="testcases.MyntraKidsModule" name="verifyDropdownList" time="0.0">
    <ignored/>
  </testcase> <!-- verifyDropdownList -->
  <testcase classname="testcases.MyntraKidsModule" name="verifyclickOnBoysFilterNdclickOnOnly5Product" time="0.0">
    <ignored/>
  </testcase> <!-- verifyclickOnBoysFilterNdclickOnOnly5Product -->
  <testcase classname="testcases.MyntraKidsModule" name="verifyKidsMenuNdSubcatclickOnFootWear" time="0.0">
    <ignored/>
  </testcase> <!-- verifyKidsMenuNdSubcatclickOnFootWear -->
  <testcase classname="testcases.MyntraKidsModule" name="verifyLoginNumber" time="0.0">
    <ignored/>
  </testcase> <!-- verifyLoginNumber -->
  <testcase classname="testcases.MyntraKidsModule" name="verifyElementAddInWushList" time="0.0">
    <ignored/>
  </testcase> <!-- verifyElementAddInWushList -->
  <testcase classname="testcases.MyntraKidsModule" name="SubcatageriesOfKidsmenu" time="0.0">
    <ignored/>
  </testcase> <!-- SubcatageriesOfKidsmenu -->
  <testcase classname="testcases.MyntraKidsModule" name="verifyclickOnBoysFilterNdclickOnOnly5ProductAndWindowHandle" time="0.0">
    <ignored/>
  </testcase> <!-- verifyclickOnBoysFilterNdclickOnOnly5ProductAndWindowHandle -->
</testsuite> <!-- Test -->
