<?xml version="1.0" encoding="UTF-8"?>
<testng-results ignored="0" total="1" passed="1" failed="0" skipped="0">
  <reporter-output>
  </reporter-output>
  <suite started-at="2026-02-18T19:42:07 IST" name="Default suite" finished-at="2026-02-18T19:43:33 IST" duration-ms="86579">
    <groups>
    </groups>
    <test started-at="2026-02-18T19:42:07 IST" name="Default test" finished-at="2026-02-18T19:43:33 IST" duration-ms="86579">
      <class name="testcases.MyntraKidsModule">
        <test-method signature="verifyclickOnBoysFilterNdclickOnOnly5Product()[pri:7, instance:testcases.MyntraKidsModule@35dab4eb]" started-at="2026-02-18T19:42:07 IST" name="verifyclickOnBoysFilterNdclickOnOnly5Product" description="Handle multiple product link or window" finished-at="2026-02-18T19:43:33 IST" duration-ms="86156" status="PASS">
          <reporter-output>
          </reporter-output>
        </test-method> <!-- verifyclickOnBoysFilterNdclickOnOnly5Product -->
      </class> <!-- testcases.MyntraKidsModule -->
    </test> <!-- Default test -->
  </suite> <!-- Default suite -->
</testng-results>
